Sum 1 1 1
Sum 1 2 2
Sum 2 2 0
Sum 1 3 3
Sum 2 3 1
Sum 3 3 0
Sum 1 4 4
Sum 2 4 1
Sum 3 4 0
Sum 4 4 0
Sum 1 5 5
Sum 2 5 2
Sum 3 5 0
Sum 4 5 0
Sum 5 5 0
Sum 1 6 5
Sum 2 6 3
Sum 3 6 1
Sum 4 6 0
Sum 5 6 0
Sum 6 6 0
Sum 1 7 5
Sum 2 7 4
Sum 3 7 2
Sum 4 7 0
Sum 5 7 0
Sum 6 7 0
Sum 7 7 0
Sum 1 8 6
Sum 2 8 5
Sum 3 8 2
Sum 4 8 0
Sum 5 8 0
Sum 6 8 0
Sum 7 8 0
Sum 8 8 0
Sum 1 9 6
Sum 2 9 6
Sum 3 9 3
Sum 4 9 0
Sum 5 9 0
Sum 6 9 0
Sum 7 9 0
Sum 8 9 0
Sum 9 9 0
Sum 1 10 6
Sum 2 10 7
Sum 3 10 4
Sum 4 10 0
Sum 5 10 0
Sum 6 10 0
Sum 7 10 0
Sum 8 10 0
Sum 9 10 0
Sum 10 10 0
4
0
0
6
